<?xml version="1.0" encoding="UTF-8"?>
<testsuite name="com.es.aplicacion.AplicacionApplicationTests" tests="1" skipped="0" failures="0" errors="0" timestamp="2025-02-19T19:09:47" hostname="PORTATIL-JOSEMA" time="1.651">
  <properties/>
  <testcase name="contextLoads()" classname="com.es.aplicacion.AplicacionApplicationTests" time="1.651"/>
  <system-out><![CDATA[20:09:41.473 [Test worker] INFO org.springframework.test.context.support.AnnotationConfigContextLoaderUtils -- Could not detect default configuration classes for test class [com.es.aplicacion.AplicacionApplicationTests]: AplicacionApplicationTests does not declare any static, non-private, non-final, nested classes annotated with @Configuration.
20:09:41.765 [Test worker] INFO org.springframework.boot.test.context.SpringBootTestContextBootstrapper -- Found @SpringBootConfiguration com.es.aplicacion.AplicacionApplication for test class com.es.aplicacion.AplicacionApplicationTests

  .   ____          _            __ _ _
 /\\ / ___'_ __ _ _(_)_ __  __ _ \ \ \ \
( ( )\___ | '_ | '_| | '_ \/ _` | \ \ \ \
 \\/  ___)| |_)| | | | | || (_| |  ) ) ) )
  '  |____| .__|_| |_|_| |_\__, | / / / /
 =========|_|==============|___/=/_/_/_/

 :: Spring Boot ::                (v3.4.2)

2025-02-19T20:09:42.538+01:00  INFO 16556 --- [aplicacion] [    Test worker] c.e.a.AplicacionApplicationTests         : Starting AplicacionApplicationTests using Java 17.0.13 with PID 16556 (started by josem in C:\Users\josem\Escritorio\ADAT\Tema 5 - Componentes MongDB\APP_ADAT)
2025-02-19T20:09:42.540+01:00  INFO 16556 --- [aplicacion] [    Test worker] c.e.a.AplicacionApplicationTests         : No active profile set, falling back to 1 default profile: "default"
2025-02-19T20:09:43.731+01:00  INFO 16556 --- [aplicacion] [    Test worker] .s.d.r.c.RepositoryConfigurationDelegate : Bootstrapping Spring Data MongoDB repositories in DEFAULT mode.
2025-02-19T20:09:44.089+01:00  INFO 16556 --- [aplicacion] [    Test worker] .s.d.r.c.RepositoryConfigurationDelegate : Finished Spring Data repository scanning in 347 ms. Found 1 MongoDB repository interface.
2025-02-19T20:09:45.222+01:00  INFO 16556 --- [aplicacion] [qhi.mongodb.net] org.mongodb.driver.cluster               : Adding discovered server cluster0-shard-00-00.maqhi.mongodb.net:27017 to client view of cluster
2025-02-19T20:09:45.232+01:00  INFO 16556 --- [aplicacion] [    Test worker] org.mongodb.driver.client                : MongoClient with metadata {"driver": {"name": "mongo-java-driver|sync|spring-boot", "version": "5.2.1"}, "os": {"type": "Windows", "name": "Windows 11", "architecture": "amd64", "version": "10.0"}, "platform": "Java/Amazon.com Inc./17.0.13+11-LTS"} created with settings MongoClientSettings{readPreference=primary, writeConcern=WriteConcern{w=majority, wTimeout=null ms, journal=null}, retryWrites=true, retryReads=true, readConcern=ReadConcern{level=null}, credential=MongoCredential{mechanism=null, userName='jluqgon214', source='admin', password=<hidden>, mechanismProperties=<hidden>}, transportSettings=null, commandListeners=[], codecRegistry=ProvidersCodecRegistry{codecProviders=[ValueCodecProvider{}, BsonValueCodecProvider{}, DBRefCodecProvider{}, DBObjectCodecProvider{}, DocumentCodecProvider{}, CollectionCodecProvider{}, IterableCodecProvider{}, MapCodecProvider{}, GeoJsonCodecProvider{}, GridFSFileCodecProvider{}, Jsr310CodecProvider{}, JsonObjectCodecProvider{}, BsonCodecProvider{}, EnumCodecProvider{}, com.mongodb.client.model.mql.ExpressionCodecProvider@2c34402, com.mongodb.Jep395RecordCodecProvider@5f883d90, com.mongodb.KotlinCodecProvider@7e58f697]}, loggerSettings=LoggerSettings{maxDocumentLength=1000}, clusterSettings={hosts=[127.0.0.1:27017], srvHost=cluster0.maqhi.mongodb.net, srvServiceName=mongodb, mode=MULTIPLE, requiredClusterType=REPLICA_SET, requiredReplicaSetName='atlas-bk9otq-shard-0', serverSelector='null', clusterListeners='[]', serverSelectionTimeout='30000 ms', localThreshold='15 ms'}, socketSettings=SocketSettings{connectTimeoutMS=10000, readTimeoutMS=0, receiveBufferSize=0, proxySettings=ProxySettings{host=null, port=null, username=null, password=null}}, heartbeatSocketSettings=SocketSettings{connectTimeoutMS=10000, readTimeoutMS=10000, receiveBufferSize=0, proxySettings=ProxySettings{host=null, port=null, username=null, password=null}}, connectionPoolSettings=ConnectionPoolSettings{maxSize=100, minSize=0, maxWaitTimeMS=120000, maxConnectionLifeTimeMS=0, maxConnectionIdleTimeMS=0, maintenanceInitialDelayMS=0, maintenanceFrequencyMS=60000, connectionPoolListeners=[], maxConnecting=2}, serverSettings=ServerSettings{heartbeatFrequencyMS=10000, minHeartbeatFrequencyMS=500, serverMonitoringMode=AUTO, serverListeners='[]', serverMonitorListeners='[]'}, sslSettings=SslSettings{enabled=true, invalidHostNameAllowed=false, context=null}, applicationName='null', compressorList=[], uuidRepresentation=JAVA_LEGACY, serverApi=null, autoEncryptionSettings=null, dnsClient=null, inetAddressResolver=null, contextProvider=null, timeoutMS=null}
2025-02-19T20:09:45.267+01:00  INFO 16556 --- [aplicacion] [qhi.mongodb.net] org.mongodb.driver.cluster               : Adding discovered server cluster0-shard-00-01.maqhi.mongodb.net:27017 to client view of cluster
2025-02-19T20:09:45.270+01:00  INFO 16556 --- [aplicacion] [qhi.mongodb.net] org.mongodb.driver.cluster               : Adding discovered server cluster0-shard-00-02.maqhi.mongodb.net:27017 to client view of cluster
2025-02-19T20:09:46.094+01:00  INFO 16556 --- [aplicacion] [ngodb.net:27017] org.mongodb.driver.cluster               : Monitor thread successfully connected to server with description ServerDescription{address=cluster0-shard-00-00.maqhi.mongodb.net:27017, type=REPLICA_SET_SECONDARY, cryptd=false, state=CONNECTED, ok=true, minWireVersion=0, maxWireVersion=25, maxDocumentSize=16777216, logicalSessionTimeoutMinutes=30, roundTripTimeNanos=370929900, minRoundTripTimeNanos=0, setName='atlas-bk9otq-shard-0', canonicalAddress=cluster0-shard-00-00.maqhi.mongodb.net:27017, hosts=[cluster0-shard-00-00.maqhi.mongodb.net:27017, cluster0-shard-00-01.maqhi.mongodb.net:27017, cluster0-shard-00-02.maqhi.mongodb.net:27017], passives=[], arbiters=[], primary='cluster0-shard-00-01.maqhi.mongodb.net:27017', tagSet=TagSet{[Tag{name='availabilityZone', value='euw3-az1'}, Tag{name='diskState', value='READY'}, Tag{name='nodeType', value='ELECTABLE'}, Tag{name='provider', value='AWS'}, Tag{name='region', value='EU_WEST_3'}, Tag{name='workloadType', value='OPERATIONAL'}]}, electionId=null, setVersion=1, topologyVersion=TopologyVersion{processId=67ace5c9c22a7764ced301b8, counter=4}, lastWriteDate=Wed Feb 19 20:09:44 CET 2025, lastUpdateTimeNanos=7289171553600}
2025-02-19T20:09:46.094+01:00  INFO 16556 --- [aplicacion] [ngodb.net:27017] org.mongodb.driver.cluster               : Monitor thread successfully connected to server with description ServerDescription{address=cluster0-shard-00-01.maqhi.mongodb.net:27017, type=REPLICA_SET_PRIMARY, cryptd=false, state=CONNECTED, ok=true, minWireVersion=0, maxWireVersion=25, maxDocumentSize=16777216, logicalSessionTimeoutMinutes=30, roundTripTimeNanos=377514200, minRoundTripTimeNanos=0, setName='atlas-bk9otq-shard-0', canonicalAddress=cluster0-shard-00-01.maqhi.mongodb.net:27017, hosts=[cluster0-shard-00-00.maqhi.mongodb.net:27017, cluster0-shard-00-01.maqhi.mongodb.net:27017, cluster0-shard-00-02.maqhi.mongodb.net:27017], passives=[], arbiters=[], primary='cluster0-shard-00-01.maqhi.mongodb.net:27017', tagSet=TagSet{[Tag{name='availabilityZone', value='euw3-az2'}, Tag{name='diskState', value='READY'}, Tag{name='nodeType', value='ELECTABLE'}, Tag{name='provider', value='AWS'}, Tag{name='region', value='EU_WEST_3'}, Tag{name='workloadType', value='OPERATIONAL'}]}, electionId=7fffffff0000000000000015, setVersion=1, topologyVersion=TopologyVersion{processId=67ace904c912095a2cfd1d5a, counter=6}, lastWriteDate=Wed Feb 19 20:09:44 CET 2025, lastUpdateTimeNanos=7289171553600}
2025-02-19T20:09:46.094+01:00  INFO 16556 --- [aplicacion] [ngodb.net:27017] org.mongodb.driver.cluster               : Monitor thread successfully connected to server with description ServerDescription{address=cluster0-shard-00-02.maqhi.mongodb.net:27017, type=REPLICA_SET_SECONDARY, cryptd=false, state=CONNECTED, ok=true, minWireVersion=0, maxWireVersion=25, maxDocumentSize=16777216, logicalSessionTimeoutMinutes=30, roundTripTimeNanos=376017500, minRoundTripTimeNanos=0, setName='atlas-bk9otq-shard-0', canonicalAddress=cluster0-shard-00-02.maqhi.mongodb.net:27017, hosts=[cluster0-shard-00-00.maqhi.mongodb.net:27017, cluster0-shard-00-01.maqhi.mongodb.net:27017, cluster0-shard-00-02.maqhi.mongodb.net:27017], passives=[], arbiters=[], primary='cluster0-shard-00-01.maqhi.mongodb.net:27017', tagSet=TagSet{[Tag{name='availabilityZone', value='euw3-az3'}, Tag{name='diskState', value='READY'}, Tag{name='nodeType', value='ELECTABLE'}, Tag{name='provider', value='AWS'}, Tag{name='region', value='EU_WEST_3'}, Tag{name='workloadType', value='OPERATIONAL'}]}, electionId=null, setVersion=1, topologyVersion=TopologyVersion{processId=67acec9c0bd8666e414858b2, counter=3}, lastWriteDate=Wed Feb 19 20:09:44 CET 2025, lastUpdateTimeNanos=7289171553600}
2025-02-19T20:09:46.099+01:00  INFO 16556 --- [aplicacion] [ngodb.net:27017] org.mongodb.driver.cluster               : Discovered replica set primary cluster0-shard-00-01.maqhi.mongodb.net:27017 with max election id 7fffffff0000000000000015 and max set version 1
2025-02-19T20:09:46.299+01:00  INFO 16556 --- [aplicacion] [    Test worker] r$InitializeUserDetailsManagerConfigurer : Global AuthenticationManager configured with UserDetailsService bean with name usuarioService
2025-02-19T20:09:47.819+01:00  INFO 16556 --- [aplicacion] [    Test worker] c.e.a.AplicacionApplicationTests         : Started AplicacionApplicationTests in 5.68 seconds (process running for 8.513)
]]></system-out>
  <system-err><![CDATA[]]></system-err>
</testsuite>
